Using pre-set license
Built from '2020.3/release' branch; Version is '2020.3.1f1 (77a89f25062f) revision 7841951'; Using compiler version '192528614'; Build Type 'Release'
OS: 'Windows 10 Pro; OS build 19043.1586; Version 2009; 64bit' Language: 'ko' Physical Memory: 32678 MB
BatchMode: 1, IsHumanControllingUs: 0, StartBugReporterOnCrash: 0, Is64bit: 1, IsPro: 0

 COMMAND LINE ARGUMENTS:
C:\Program Files\Unity\2020.3.1f1\Editor\Unity.exe
-adb2
-batchMode
-noUpm
-name
AssetImportWorker0
-projectPath
C:/Users/Xrisp/Desktop/UnityTest/3D Shooting
-logFile
Logs/AssetImportWorker0.log
-srvPort
11279
Successfully changed project path to: C:/Users/Xrisp/Desktop/UnityTest/3D Shooting
C:/Users/Xrisp/Desktop/UnityTest/3D Shooting
Using Asset Import Pipeline V2.
Refreshing native plugins compatible for Editor in 16.05 ms, found 0 plugins.
Preloading 0 native plugins for Editor in 0.00 ms.
Initialize engine version: 2020.3.1f1 (77a89f25062f)
[Subsystems] Discovering subsystems at path C:/Program Files/Unity/2020.3.1f1/Editor/Data/Resources/UnitySubsystems
[Subsystems] Discovering subsystems at path C:/Users/Xrisp/Desktop/UnityTest/3D Shooting/Assets
GfxDevice: creating device client; threaded=0
Direct3D:
    Version:  Direct3D 11.0 [level 11.1]
    Renderer: NVIDIA GeForce RTX 3060 Ti (ID=0x2489)
    Vendor:   
    VRAM:     8050 MB
    Driver:   30.0.14.9613
Initialize mono
Mono path[0] = 'C:/Program Files/Unity/2020.3.1f1/Editor/Data/Managed'
Mono path[1] = 'C:/Program Files/Unity/2020.3.1f1/Editor/Data/MonoBleedingEdge/lib/mono/unityjit'
Mono config path = 'C:/Program Files/Unity/2020.3.1f1/Editor/Data/MonoBleedingEdge/etc'
Using monoOptions --debugger-agent=transport=dt_socket,embedding=1,server=y,suspend=n,address=127.0.0.1:56212
Begin MonoManager ReloadAssembly
Registering precompiled unity dll's ...
Register platform support module: C:/Program Files/Unity/2020.3.1f1/Editor/Data/PlaybackEngines/WindowsStandaloneSupport/UnityEditor.WindowsStandalone.Extensions.dll
Registered in 0.002510 seconds.
Native extension for WindowsStandalone target not found
Refreshing native plugins compatible for Editor in 16.88 ms, found 0 plugins.
Preloading 0 native plugins for Editor in 0.00 ms.
Invoked RoslynAnalysisRunner static constructor.
RoslynAnalysisRunner will not be running.
RoslynAnalysisRunner has terminated.
Mono: successfully reloaded assembly
- Completed reload, in  1.868 seconds
Platform modules already initialized, skipping
Registering precompiled user dll's ...
Registered in 0.000859 seconds.
Begin MonoManager ReloadAssembly
Native extension for WindowsStandalone target not found
Refreshing native plugins compatible for Editor in 0.20 ms, found 0 plugins.
Preloading 0 native plugins for Editor in 0.00 ms.
Invoked RoslynAnalysisRunner static constructor.
RoslynAnalysisRunner will not be running.
RoslynAnalysisRunner has terminated.
Mono: successfully reloaded assembly
- Completed reload, in  0.579 seconds
Platform modules already initialized, skipping
========================================================================
Worker process is ready to serve import requests
Launched and connected shader compiler UnityShaderCompiler.exe after 0.06 seconds
Refreshing native plugins compatible for Editor in 0.20 ms, found 0 plugins.
Preloading 0 native plugins for Editor in 0.00 ms.
Unloading 1122 Unused Serialized files (Serialized files now loaded: 0)
System memory in use before: 57.2 MB.
System memory in use after: 57.2 MB.

Unloading 10 unused Assets to reduce memory usage. Loaded Objects now: 1565.
Total: 1.956100 ms (FindLiveObjects: 0.485000 ms CreateObjectMapping: 0.034000 ms MarkObjects: 1.373200 ms  DeleteObjects: 0.062900 ms)

========================================================================
Received Import Request.
  path: Assets/KWS/Scripts/Enemy/Enemy.cs
  artifactKey: Guid(471cb4cf6a0a1ce459248317d678de0a) Importer(815301076,1909f56bfc062723c751e8b465ee728b)
Start importing Assets/KWS/Scripts/Enemy/Enemy.cs using Guid(471cb4cf6a0a1ce459248317d678de0a) Importer(815301076,1909f56bfc062723c751e8b465ee728b)  -> (artifact id: '57979c6cc049bf99032c93916e2b12fd') in 0.036547 seconds
  Import took 0.038758 seconds .

AssetImportWorkerClient::OnTransportError - code=2 error=End of file
