Using pre-set license
Built from '2020.3/release' branch; Version is '2020.3.1f1 (77a89f25062f) revision 7841951'; Using compiler version '192528614'; Build Type 'Release'
OS: 'Windows 10 Pro; OS build 19043.1586; Version 2009; 64bit' Language: 'ko' Physical Memory: 32678 MB
BatchMode: 1, IsHumanControllingUs: 0, StartBugReporterOnCrash: 0, Is64bit: 1, IsPro: 0

 COMMAND LINE ARGUMENTS:
C:\Program Files\Unity\2020.3.1f1\Editor\Unity.exe
-adb2
-batchMode
-noUpm
-name
AssetImportWorker0
-projectPath
C:/Users/Xrisp/Desktop/UnityTest/3D Shooting
-logFile
Logs/AssetImportWorker0.log
-srvPort
14310
Successfully changed project path to: C:/Users/Xrisp/Desktop/UnityTest/3D Shooting
C:/Users/Xrisp/Desktop/UnityTest/3D Shooting
Using Asset Import Pipeline V2.
Refreshing native plugins compatible for Editor in 15.41 ms, found 0 plugins.
Preloading 0 native plugins for Editor in 0.00 ms.
Initialize engine version: 2020.3.1f1 (77a89f25062f)
[Subsystems] Discovering subsystems at path C:/Program Files/Unity/2020.3.1f1/Editor/Data/Resources/UnitySubsystems
[Subsystems] Discovering subsystems at path C:/Users/Xrisp/Desktop/UnityTest/3D Shooting/Assets
GfxDevice: creating device client; threaded=0
Direct3D:
    Version:  Direct3D 11.0 [level 11.1]
    Renderer: NVIDIA GeForce RTX 3060 Ti (ID=0x2489)
    Vendor:   
    VRAM:     8050 MB
    Driver:   30.0.14.9613
Initialize mono
Mono path[0] = 'C:/Program Files/Unity/2020.3.1f1/Editor/Data/Managed'
Mono path[1] = 'C:/Program Files/Unity/2020.3.1f1/Editor/Data/MonoBleedingEdge/lib/mono/unityjit'
Mono config path = 'C:/Program Files/Unity/2020.3.1f1/Editor/Data/MonoBleedingEdge/etc'
Using monoOptions --debugger-agent=transport=dt_socket,embedding=1,server=y,suspend=n,address=127.0.0.1:56724
Begin MonoManager ReloadAssembly
Registering precompiled unity dll's ...
Register platform support module: C:/Program Files/Unity/2020.3.1f1/Editor/Data/PlaybackEngines/WindowsStandaloneSupport/UnityEditor.WindowsStandalone.Extensions.dll
Registered in 0.002626 seconds.
Native extension for WindowsStandalone target not found
Refreshing native plugins compatible for Editor in 15.82 ms, found 0 plugins.
Preloading 0 native plugins for Editor in 0.00 ms.
Invoked RoslynAnalysisRunner static constructor.
RoslynAnalysisRunner will not be running.
RoslynAnalysisRunner has terminated.
Mono: successfully reloaded assembly
- Completed reload, in  1.653 seconds
Platform modules already initialized, skipping
Registering precompiled user dll's ...
Registered in 0.000775 seconds.
Begin MonoManager ReloadAssembly
Native extension for WindowsStandalone target not found
Refreshing native plugins compatible for Editor in 0.19 ms, found 0 plugins.
Preloading 0 native plugins for Editor in 0.00 ms.
Invoked RoslynAnalysisRunner static constructor.
RoslynAnalysisRunner will not be running.
RoslynAnalysisRunner has terminated.
Mono: successfully reloaded assembly
- Completed reload, in  0.544 seconds
Platform modules already initialized, skipping
========================================================================
Worker process is ready to serve import requests
Launched and connected shader compiler UnityShaderCompiler.exe after 0.05 seconds
Refreshing native plugins compatible for Editor in 0.19 ms, found 0 plugins.
Preloading 0 native plugins for Editor in 0.00 ms.
Unloading 1122 Unused Serialized files (Serialized files now loaded: 0)
System memory in use before: 57.2 MB.
System memory in use after: 57.2 MB.

Unloading 10 unused Assets to reduce memory usage. Loaded Objects now: 1565.
Total: 1.349900 ms (FindLiveObjects: 0.096100 ms CreateObjectMapping: 0.028700 ms MarkObjects: 1.168100 ms  DeleteObjects: 0.056300 ms)

========================================================================
Received Import Request.
  path: Assets/KWS/Scripts/Player/Bullet.cs
  artifactKey: Guid(83fbe915023300642a2b281c80469afe) Importer(815301076,1909f56bfc062723c751e8b465ee728b)
Start importing Assets/KWS/Scripts/Player/Bullet.cs using Guid(83fbe915023300642a2b281c80469afe) Importer(815301076,1909f56bfc062723c751e8b465ee728b)  -> (artifact id: '77df7e6b18a89a858130f6eed434a0ce') in 0.033241 seconds
  Import took 0.035152 seconds .

========================================================================
Received Import Request.
  Time since last request: 0.000178 seconds.
  path: Assets/KWS/Scripts/Manager/GameManager.cs
  artifactKey: Guid(ad231d2cdf12ced429700894253c4c08) Importer(815301076,1909f56bfc062723c751e8b465ee728b)
Start importing Assets/KWS/Scripts/Manager/GameManager.cs using Guid(ad231d2cdf12ced429700894253c4c08) Importer(815301076,1909f56bfc062723c751e8b465ee728b)  -> (artifact id: 'a3e4e65ef590d1b9f29c613f4ec38b77') in 0.003933 seconds
  Import took 0.005540 seconds .

========================================================================
Received Import Request.
  Time since last request: 0.000154 seconds.
  path: Assets/KWS/Scripts/Player/PlayerAttack.cs
  artifactKey: Guid(458d8eb6a58aa46479366150a1ed0e24) Importer(815301076,1909f56bfc062723c751e8b465ee728b)
Start importing Assets/KWS/Scripts/Player/PlayerAttack.cs using Guid(458d8eb6a58aa46479366150a1ed0e24) Importer(815301076,1909f56bfc062723c751e8b465ee728b)  -> (artifact id: '9edae66d7b9838ae367cafef57b3a6ce') in 0.003997 seconds
  Import took 0.005297 seconds .

========================================================================
Received Import Request.
  Time since last request: 0.195537 seconds.
  path: Assets/KWS/Scripts/Player/PlayerMovement.cs
  artifactKey: Guid(e26b152fe7dbb6b4eb6a45fbc52043c9) Importer(815301076,1909f56bfc062723c751e8b465ee728b)
Start importing Assets/KWS/Scripts/Player/PlayerMovement.cs using Guid(e26b152fe7dbb6b4eb6a45fbc52043c9) Importer(815301076,1909f56bfc062723c751e8b465ee728b)  -> (artifact id: '17e4fead7f9f47f660d0acdadf036598') in 0.005648 seconds
  Import took 0.007489 seconds .

========================================================================
Received Import Request.
  Time since last request: 0.269533 seconds.
  path: Assets/KWS/Scripts/Player/PlayerState.cs
  artifactKey: Guid(081ab779adf23b341be9e3ddc0f264d2) Importer(815301076,1909f56bfc062723c751e8b465ee728b)
Start importing Assets/KWS/Scripts/Player/PlayerState.cs using Guid(081ab779adf23b341be9e3ddc0f264d2) Importer(815301076,1909f56bfc062723c751e8b465ee728b)  -> (artifact id: 'cfb810070aa25cd0fe6d2258d5374512') in 0.005213 seconds
  Import took 0.007268 seconds .

========================================================================
Received Prepare
Registering precompiled user dll's ...
Registered in 0.001015 seconds.
Begin MonoManager ReloadAssembly
Native extension for WindowsStandalone target not found
Refreshing native plugins compatible for Editor in 0.20 ms, found 0 plugins.
Preloading 0 native plugins for Editor in 0.00 ms.
Invoked RoslynAnalysisRunner static constructor.
RoslynAnalysisRunner will not be running.
RoslynAnalysisRunner has terminated.
Mono: successfully reloaded assembly
- Completed reload, in  0.555 seconds
Platform modules already initialized, skipping
Refreshing native plugins compatible for Editor in 0.20 ms, found 0 plugins.
Preloading 0 native plugins for Editor in 0.00 ms.
Unloading 1117 Unused Serialized files (Serialized files now loaded: 0)
System memory in use before: 57.1 MB.
System memory in use after: 57.2 MB.

Unloading 5 unused Assets to reduce memory usage. Loaded Objects now: 1568.
Total: 1.386900 ms (FindLiveObjects: 0.121000 ms CreateObjectMapping: 0.032100 ms MarkObjects: 1.193100 ms  DeleteObjects: 0.039900 ms)

========================================================================
Received Import Request.
  Time since last request: 365.168750 seconds.
  path: Assets/KWS/Scripts/Manager/GameManager.cs
  artifactKey: Guid(ad231d2cdf12ced429700894253c4c08) Importer(815301076,1909f56bfc062723c751e8b465ee728b)
Start importing Assets/KWS/Scripts/Manager/GameManager.cs using Guid(ad231d2cdf12ced429700894253c4c08) Importer(815301076,1909f56bfc062723c751e8b465ee728b)  -> (artifact id: '2da53ef08ab0772a911be2ff110b37e0') in 0.004154 seconds
  Import took 0.005874 seconds .

AssetImportWorkerClient::OnTransportError - code=2 error=End of file
